<?xml version="1.0" encoding="UTF-8"?>
<!-- Generated by org.testng.reporters.JUnitReportReporter -->
<testsuite hostname="SathishRaghuram" name="com.tests.LaunchBrowser" tests="1" failures="0" timestamp="14 Oct 2020 11:26:26 GMT" time="16.281" errors="0">
  <testcase name="launch" time="16.281" classname="com.tests.LaunchBrowser"/>
</testsuite> <!-- com.tests.LaunchBrowser -->
