<?xml version="1.0" encoding="UTF-8"?>
<!-- Generated by org.testng.reporters.JUnitReportReporter -->
<testsuite hostname="SathishRaghuram" name="com.tests.LaunchBrowser" tests="1" failures="0" timestamp="14 Oct 2020 11:05:19 GMT" time="13.097" errors="0">
  <testcase name="launch" time="13.097" classname="com.tests.LaunchBrowser"/>
</testsuite> <!-- com.tests.LaunchBrowser -->
