<?xml version="1.0" encoding="UTF-8"?>
<!-- Generated by org.testng.reporters.JUnitReportReporter -->
<testsuite hostname="SathishRaghuram" name="com.tests.Test123" tests="1" failures="0" timestamp="14 Oct 2020 11:05:19 GMT" time="0.007" errors="0">
  <testcase name="numbers" time="0.007" classname="com.tests.Test123"/>
</testsuite> <!-- com.tests.Test123 -->
